2018/06/20;23:13:58:0917;Info;Livebug;Livebug started;-;
2018/06/20;23:13:58:0922;Info;Livebug;app;BukkitGUI;
2018/06/20;23:13:58:0922;Info;Livebug;version;1.8.0.551;
2018/06/20;23:13:58:0922;Info;Livebug;path;D:\_Games\1.7.10 War Pack;
2018/06/20;23:13:58:0943;Info;Livebug;netframework;3.5.30729.4926;
2018/06/20;23:13:58:0943;Info;Livebug;CPU;;
2018/06/20;23:13:59:0001;Info;Livebug;CPU;mfg: AuthenticAMD;
2018/06/20;23:13:59:0006;Info;Livebug;CPU;name: AMD FX(tm)-6300 Six-Core Processor             ;
2018/06/20;23:13:59:0013;Info;Livebug;CPU;cores: 3;
2018/06/20;23:13:59:0018;Info;Livebug;CPU;threads: 6;
2018/06/20;23:13:59:0022;Info;Livebug;CPU;speed: 3800;
2018/06/20;23:13:59:0023;Info;Livebug;RAM;;
2018/06/20;23:13:59:0030;Info;Livebug;RAM;amount: 8589934592;
2018/06/20;23:13:59:0036;Info;Livebug;RAM;mfg: None;
2018/06/20;23:13:59:0036;Info;Livebug;OS;;
2018/06/20;23:13:59:0071;Info;Livebug;OS;Name:Microsoft Windows 10 Pro;
2018/06/20;23:13:59:0071;Info;Livebug;OS;Platform:Win32NT;
2018/06/20;23:13:59:0071;Info;Livebug;OS;Version:6.2.9200.0;
2018/06/20;23:13:59:0071;Fine;Splashscreen;Initializing application;-;
2018/06/20;23:13:59:0071;Fine;Splashscreen;Loading:Initializing common items(20%);-;
2018/06/20;23:13:59:0073;Fine;Common;Updating locations...;-;
2018/06/20;23:13:59:0073;Fine;Common;Common module initialized;-;
2018/06/20;23:13:59:0073;Fine;Splashscreen;Loading:Initializing config(40%);-;
2018/06/20;23:13:59:0079;Fine;fxml - config;Loading XML file: D:\_Games\1.7.10 War Pack\BukkitGUI\Config/config.xml;-;
2018/06/20;23:13:59:0079;Fine;fxml - config;XML file loaded;-;
2018/06/20;23:13:59:0085;Fine;Common;Comparing versions: 1.2 - 1.2;-;
2018/06/20;23:13:59:0086;Fine;Common;Normalized versions: 1.2.0.0 - 1.2.0.0;-;
2018/06/20;23:13:59:0086;Fine;Common;Result of version compare:0;-;
2018/06/20;23:13:59:0086;Fine;fxml - config;Verifying versions, result: true;-;
2018/06/20;23:13:59:0086;Fine;Config;Config initialized;-;
2018/06/20;23:13:59:0091;Fine;fxml - config;Requested XML element: lightmode - Value: false;-;
2018/06/20;23:13:59:0091;Fine;Splashscreen;Loading:running update check...(30%);-;
2018/06/20;23:13:59:0095;Fine;fxml - config;Requested XML element: auto_update - Value: true;-;
2018/06/20;23:13:59:0495;Fine;Splashscreen;Loading:Initializing localization(50%);-;
2018/06/20;23:13:59:0498;Fine;fxml - config;Requested XML element: language - Value: D:\_Games\1.7.10 War Pack\BukkitGUI\Localization/default.xml;-;
2018/06/20;23:13:59:0499;Fine;fxml - language;Loading XML file: D:\_Games\1.7.10 War Pack\BukkitGUI\Localization/default.xml;-;
2018/06/20;23:13:59:0499;Fine;fxml - language;XML file loaded;-;
2018/06/20;23:13:59:0501;Fine;fxml - config;Requested XML element: join - Value: false;-;
2018/06/20;23:13:59:0501;Fine;fxml - config;Requested XML element: disconnect - Value: false;-;
2018/06/20;23:13:59:0501;Fine;fxml - config;Requested XML element: warning - Value: false;-;
2018/06/20;23:13:59:0501;Fine;fxml - config;Requested XML element: severe - Value: false;-;
2018/06/20;23:13:59:0504;Fine;Splashscreen;Loading:Initializing performance(60%);-;
2018/06/20;23:13:59:0518;Fine;performance;Initializing...;-;
2018/06/20;23:13:59:0519;Fine;performance;CPU timer started;-;
2018/06/20;23:13:59:0519;Fine;performance;RAM timer started;-;
2018/06/20;23:13:59:0519;Fine;performance;CPU counter started;-;
2018/06/20;23:13:59:0519;Fine;performance;Performance initialized;-;
2018/06/20;23:13:59:0519;Fine;Splashscreen;Loading:Initializing output handler(70%);-;
2018/06/20;23:13:59:0522;Fine;fxml - config;Requested XML element: info - Value: blue;-;
2018/06/20;23:13:59:0524;Fine;fxml - config;Requested XML element: player_event - Value: green;-;
2018/06/20;23:13:59:0524;Fine;fxml - config;Requested XML element: warning - Value: orange;-;
2018/06/20;23:13:59:0524;Fine;fxml - config;Requested XML element: severe - Value: red;-;
2018/06/20;23:13:59:0524;Fine;fxml - config;Requested XML element: unknown - Value: black;-;
2018/06/20;23:13:59:0524;Fine;fxml - config;Requested XML element: date - Value: false;-;
2018/06/20;23:13:59:0524;Fine;fxml - config;Requested XML element: time - Value: true;-;
2018/06/20;23:13:59:0524;Fine;Splashscreen;Loading:Initializing plugin manager(75%);-;
2018/06/20;23:13:59:0528;Fine;Splashscreen;Loading:Initializing server settings...(85%);-;
2018/06/20;23:13:59:0531;Fine;Pluginmanager;Initializing / Loading;-;
2018/06/20;23:13:59:0537;Fine;AdvancedWebClient;Retrieving contents from api.bukget.org;-;
2018/06/20;23:13:59:0537;Fine;ServerSettings;Reading server settings from D:\_Games\1.7.10 War Pack/server.properties;-;
2018/06/20;23:13:59:0541;Fine;Splashscreen;Loading:Initializing error manager...(85%);-;
2018/06/20;23:13:59:0541;Fine;fxml - config;Saved XML element: pluginmanager - Value: ;-;
2018/06/20;23:13:59:0542;Fine;fxml - config;Saved XML element: installedplugins - Value: ;-;
2018/06/20;23:13:59:0542;Fine;fxml - config;Saved XML element: installplugins - Value: ;-;
2018/06/20;23:13:59:0545;Fine;fxml - config;Requested XML element: hide_warning - Value: false;-;
2018/06/20;23:13:59:0545;Fine;fxml - config;Requested XML element: hide_error - Value: false;-;
2018/06/20;23:13:59:0545;Fine;fxml - config;Requested XML element: hide_stacktrace - Value: false;-;
2018/06/20;23:13:59:0545;Fine;Splashscreen;Loading:Initializing task manager...(90%);-;
2018/06/20;23:13:59:0546;Warning;pluginmanager;Cancelled simple list creation: no plugins;-;
2018/06/20;23:13:59:0548;Fine;fxml - TaskManager;Loading XML file: D:\_Games\1.7.10 War Pack\BukkitGUI\Config/tasks.xml;-;
2018/06/20;23:13:59:0548;Fine;fxml - TaskManager;XML file loaded;-;
2018/06/20;23:13:59:0551;Fine;TaskManager;Loading tasks...;-;
2018/06/20;23:13:59:0551;Fine;TaskManager;Loaded tasks. 0 tasks loaded;-;
2018/06/20;23:13:59:0551;Fine;Splashscreen;Loading:Initializing backup manager...(90%);-;
2018/06/20;23:13:59:0554;Fine;fxml - BackupManager;Loading XML file: D:\_Games\1.7.10 War Pack\BukkitGUI\Config/backups.xml;-;
2018/06/20;23:13:59:0554;Fine;fxml - BackupManager;XML file loaded;-;
2018/06/20;23:13:59:0571;Fine;Backupmanager;Loading backups...;-;
2018/06/20;23:13:59:0571;Fine;Backupmanager;Loaded backups: 0 backups loaded;-;
2018/06/20;23:13:59:0571;Fine;Splashscreen;Loading:Done...(100%);-;
2018/06/20;23:13:59:0622;Warning;AdvancedWebClient;Could not download data from http://api.bukget.org/3/plugins?fields=slug,plugin_name,description,versions.version,versions.game_versions,main&sort=-popularity.weekly&start=0&size=20 : WebException/Unknown : The remote name could not be resolved: 'api.bukget.org';-;
2018/06/20;23:13:59:0626;Fine;BukGetAPI;Starting parse of plugin list...;-;
2018/06/20;23:13:59:0626;Warning;BukGetAPI;No elements in list, cannot parse plugin list;-;
2018/06/20;23:13:59:0627;Fine;BukGetAPI;Retrying to get available plugins;-;
2018/06/20;23:13:59:0627;Fine;AdvancedWebClient;Retrieving contents from api.bukget.org;-;
2018/06/20;23:13:59:0665;Warning;AdvancedWebClient;Could not download data from http://api.bukget.org/3/plugins?fields=slug,plugin_name,description,versions.version,versions.game_versions,main&sort=-popularity.weekly&start=0&size=20 : WebException/Unknown : The remote name could not be resolved: 'api.bukget.org';-;
2018/06/20;23:13:59:0665;Fine;BukGetAPI;Starting parse of plugin list...;-;
2018/06/20;23:13:59:0665;Warning;BukGetAPI;No elements in list, cannot parse plugin list;-;
2018/06/20;23:13:59:0665;Fine;BukGetAPI;All plugins loaded;-;
2018/06/20;23:14:00:0352;Warning;dlb;Could not create dlb_download object, xml invalid. Xml:;-;
2018/06/20;23:14:00:0352;Fine;BukkitTools;Fetched latest recommended bukkit version (0);-;
2018/06/20;23:14:00:0689;Fine;mainform;Starting to load mainform;-;
2018/06/20;23:14:00:0689;Fine;mainform;Mainform window handle saved!;-;
2018/06/20;23:14:00:0714;Fine;mainform;Setting User Interface for server type Bukkit;-;
2018/06/20;23:14:00:0714;Fine;fxml - config;Requested XML element: bukkit_get_version - Value: true;-;
2018/06/20;23:14:00:0717;Fine;fxml - config;Saved XML element: bukkit_get_version - Value: true;-;
2018/06/20;23:14:00:0723;Fine;fxml - config;Requested XML element: jre - Value: 6;-;
2018/06/20;23:14:00:0723;Fine;fxml - config;Requested XML element: server - Value: 0;-;
2018/06/20;23:14:00:0723;Fine;fxml - config;Requested XML element: minram - Value: 950;-;
2018/06/20;23:14:00:0723;Fine;fxml - config;Requested XML element: maxram - Value: 3846;-;
2018/06/20;23:14:00:0725;Fine;fxml - config;Requested XML element: jar - Value: D:\_Games\1.7.10 War Pack\Thermos-1.7.10-1614-57-server.jar;-;
2018/06/20;23:14:00:0727;Fine;fxml - config;Saved XML element: jar - Value: D:\_Games\1.7.10 War Pack\Thermos-1.7.10-1614-57-server.jar;-;
2018/06/20;23:14:00:0727;Fine;fxml - config;Requested XML element: custom_args - Value: ;-;
2018/06/20;23:14:00:0727;Fine;fxml - config;Requested XML element: custom_switch - Value: ;-;
2018/06/20;23:14:00:0727;Fine;fxml - config;Requested XML element: remote_host - Value: ;-;
2018/06/20;23:14:00:0727;Fine;fxml - config;Requested XML element: remote_username - Value: ;-;
2018/06/20;23:14:00:0727;Fine;fxml - config;Requested XML element: remote_port - Value: 20059;-;
2018/06/20;23:14:00:0727;Fine;fxml - config;Requested XML element: remote_password - Value: ********;-;
2018/06/20;23:14:00:0727;Fine;fxml - config;Requested XML element: remote_salt - Value: ********;-;
2018/06/20;23:14:00:0727;Fine;fxml - config;Requested XML element: bukkit_get_version - Value: true;-;
2018/06/20;23:14:00:0727;Fine;fxml - config;Requested XML element: bukkit_auto_update - Value: false;-;
2018/06/20;23:14:00:0729;Fine;mainform;Loading plugin installer items;-;
2018/06/20;23:14:00:0732;Fine;BukGetAPI;Getting categories;-;
2018/06/20;23:14:00:0732;Fine;AdvancedWebClient;Retrieving contents from api.bukget.org;-;
2018/06/20;23:14:00:0773;Warning;AdvancedWebClient;Could not download data from http://api.bukget.org/3/categories/ : WebException/Unknown : The remote name could not be resolved: 'api.bukget.org';-;
2018/06/20;23:14:00:0774;Warning;mainform;Couldn't load plugin categories!;Object reference not set to an instance of an object.;
2018/06/20;23:14:00:0777;Fine;mainform;Loading info items;-;
2018/06/20;23:14:00:0830;Fine;AdvancedWebClient;Retrieving contents from geoip.bertware.net;-;
2018/06/20;23:14:00:0831;Fine;fxml - config;Requested XML element: time - Value: 500;-;
2018/06/20;23:14:00:0831;Fine;fxml - config;Requested XML element: join - Value: false;-;
2018/06/20;23:14:00:0831;Fine;fxml - config;Requested XML element: disconnect - Value: false;-;
2018/06/20;23:14:00:0831;Fine;fxml - config;Requested XML element: warning - Value: false;-;
2018/06/20;23:14:00:0831;Fine;fxml - config;Requested XML element: severe - Value: false;-;
2018/06/20;23:14:00:0831;Fine;fxml - config;Requested XML element: always - Value: false;-;
2018/06/20;23:14:00:0831;Fine;fxml - config;Requested XML element: minimize - Value: false;-;
2018/06/20;23:14:00:0835;Fine;fxml - config;Requested XML element: language - Value: D:\_Games\1.7.10 War Pack\BukkitGUI\Localization/default.xml;-;
2018/06/20;23:14:00:0841;Fine;fxml - config;Requested XML element: auto_update - Value: true;-;
2018/06/20;23:14:00:0842;Fine;fxml - config;Saved XML element: auto_update - Value: true;-;
2018/06/20;23:14:00:0842;Fine;fxml - config;Requested XML element: enable_tabplayers - Value: true;-;
2018/06/20;23:14:00:0844;Fine;fxml - config;Requested XML element: enable_taberrorlogging - Value: true;-;
2018/06/20;23:14:00:0846;Fine;fxml - config;Requested XML element: enable_tabtaskmanager - Value: true;-;
2018/06/20;23:14:00:0847;Fine;fxml - config;Requested XML element: enable_tabplugins - Value: true;-;
2018/06/20;23:14:00:0849;Fine;fxml - config;Requested XML element: enable_tabserveroptions - Value: true;-;
2018/06/20;23:14:00:0860;Fine;fxml - config;Saved XML element: time - Value: true;-;
2018/06/20;23:14:00:0867;Fine;fxml - config;Requested XML element: font_name - Value: arial;-;
2018/06/20;23:14:00:0867;Fine;fxml - config;Requested XML element: font_size - Value: 9;-;
2018/06/20;23:14:00:0867;Fine;fxml - config;Requested XML element: utf_8_compatibility - Value: false;-;
2018/06/20;23:14:00:0879;Fine;ServerSettings;Reading server settings from D:\_Games\1.7.10 War Pack/server.properties;-;
2018/06/20;23:14:00:0880;Fine;fxml - config;Requested XML element: autostart - Value: false;-;
2018/06/20;23:14:00:0883;Fine;fxml - config;Requested XML element: spamfilter - Value: ;-;
2018/06/20;23:14:00:0883;Fine;fxml - config;Requested XML element: minotar_size - Value: 32;-;
2018/06/20;23:14:00:0883;Fine;fxml - config;Requested XML element: minotar_source - Value: http://minotar.net;-;
2018/06/20;23:14:00:0883;Fine;AdvancedWebClient;Retrieving contents from geoip.bertware.net;-;
2018/06/20;23:14:01:0046;Warning;dlb;Could not create dlb_download object, xml invalid. Xml:;-;
2018/06/20;23:14:01:0046;Fine;BukkitTools;Fetched latest beta bukkit version (0);-;
2018/06/20;23:14:01:0083;Fine;mainform;Adding 0 Items to BukGet Plugin list;thds_SetBukgetPlugins;
2018/06/20;23:14:01:0083;Fine;mainform;finished to load mainform;-;
2018/06/20;23:14:01:0115;Fine;Splashscreen;Application initialized, Closing splashscreen;-;
2018/06/20;23:14:01:0638;Warning;dlb;Could not create dlb_download object, xml invalid. Xml:;-;
2018/06/20;23:14:01:0638;Fine;BukkitTools;Fetched latest dev bukkit version (0);-;
2018/06/20;23:14:02:0430;Fine;Mainform;Starting new server - selected type:Bukkit;-;
2018/06/20;23:14:02:0435;Fine;mainform;Validating settings for server type Bukkit;-;
2018/06/20;23:14:02:0436;Info;mainform;Size of server file: False bytes (0mb);-;
2018/06/20;23:14:02:0436;Info;mainform;Size of server file seems ok;-;
2018/06/20;23:14:02:0436;Fine;mainform;Validated settings, result:True;-;
2018/06/20;23:14:02:0437;Fine;Mainform;Starting new bukkit server...;-;
2018/06/20;23:14:02:0448;Fine;fxml - config;Requested XML element: alternative_java - Value: C:\Program Files\Java\jre1.8.0_171\bin\java.exe;-;
2018/06/20;23:14:02:0448;Fine;fxml - config;Requested XML element: utf_8_compatibility - Value: false;-;
2018/06/20;23:14:02:0453;Fine;Server;Starting server (java);server;
2018/06/20;23:14:02:0453;Fine;Server;Executable:C:\Program Files\Java\jre1.8.0_171\bin\java.exe;Server-StartJavaServer;
2018/06/20;23:14:02:0453;Fine;Server;Jar:D:\_Games\1.7.10 War Pack\Thermos-1.7.10-1614-57-server.jar;Server-StartJavaServer;
2018/06/20;23:14:02:0453;Fine;Server;Options:-Xms950M -Xmx3846M  -Duser.language=en ;Server-StartJavaServer;
2018/06/20;23:14:02:0453;Fine;Server;Flags:-nojline;Server-StartJavaServer;
2018/06/20;23:14:02:0454;Fine;Server;Total argument:-Xms950M -Xmx3846M -Duser.language=en -jar "D:\_Games\1.7.10 War Pack\Thermos-1.7.10-1614-57-server.jar" -nojline;Server-StartJavaServer;
2018/06/20;23:14:02:0516;Fine;Server;Starting process;-;
2018/06/20;23:14:02:0517;Fine;Server;Process started;-;
2018/06/20;23:14:02:0520;Fine;Server;Initializing handling for new server;-;
2018/06/20;23:14:02:0521;Fine;Server;New server initialized;-;
2018/06/20;23:14:02:0521;Fine;Server;Server started succesfully;-;
2018/06/20;23:14:02:0532;Fine;ServerSettings;Reading server settings from D:\_Games\1.7.10 War Pack/server.properties;-;
2018/06/20;23:14:02:0590;Fine;mainform;Output thread started...;-;
2018/06/20;23:14:02:0591;Fine;mainform;Error thread started...;-;
2018/06/20;23:15:42:0501;Info;server;The server has stopped... Cleaning up...;-;
2018/06/20;23:15:42:0504;Info;mainform;The server has stopped. Updating UI;-;
2018/06/20;23:15:42:0548;Info;mainform;The server has stopped. Updated UI;-;
2018/06/20;23:15:42:0548;Info;server;The server has stopped... Cleanup finished;-;
2018/06/20;23:15:42:0548;Info;mainform;thd_read_output exited;-;
2018/06/20;23:15:42:0593;Info;mainform;thd_read_error exited;-;
2018/06/20;23:15:56:0116;Fine;Mainform;Starting new server - selected type:Bukkit;-;
2018/06/20;23:15:56:0118;Fine;mainform;Validating settings for server type Bukkit;-;
2018/06/20;23:15:56:0118;Info;mainform;Size of server file: False bytes (0mb);-;
2018/06/20;23:15:56:0118;Info;mainform;Size of server file seems ok;-;
2018/06/20;23:15:56:0118;Fine;mainform;Validated settings, result:True;-;
2018/06/20;23:15:56:0119;Fine;Mainform;Starting new bukkit server...;-;
2018/06/20;23:15:56:0124;Fine;fxml - config;Requested XML element: alternative_java - Value: C:\Program Files\Java\jre1.8.0_171\bin\java.exe;-;
2018/06/20;23:15:56:0124;Fine;fxml - config;Requested XML element: utf_8_compatibility - Value: false;-;
2018/06/20;23:15:56:0124;Fine;Server;Starting server (java);server;
2018/06/20;23:15:56:0124;Fine;Server;Executable:C:\Program Files\Java\jre1.8.0_171\bin\java.exe;Server-StartJavaServer;
2018/06/20;23:15:56:0124;Fine;Server;Jar:D:\_Games\1.7.10 War Pack\Thermos-1.7.10-1614-57-server.jar;Server-StartJavaServer;
2018/06/20;23:15:56:0124;Fine;Server;Options:-Xms950M -Xmx3846M  -Duser.language=en ;Server-StartJavaServer;
2018/06/20;23:15:56:0124;Fine;Server;Flags:-nojline;Server-StartJavaServer;
2018/06/20;23:15:56:0124;Fine;Server;Total argument:-Xms950M -Xmx3846M -Duser.language=en -jar "D:\_Games\1.7.10 War Pack\Thermos-1.7.10-1614-57-server.jar" -nojline;Server-StartJavaServer;
2018/06/20;23:15:56:0181;Fine;Server;Starting process;-;
2018/06/20;23:15:56:0182;Fine;Server;Process started;-;
2018/06/20;23:15:56:0182;Fine;Server;Initializing handling for new server;-;
2018/06/20;23:15:56:0183;Fine;Server;New server initialized;-;
2018/06/20;23:15:56:0183;Fine;Server;Server started succesfully;-;
2018/06/20;23:15:56:0187;Fine;ServerSettings;Reading server settings from D:\_Games\1.7.10 War Pack/server.properties;-;
2018/06/20;23:15:56:0239;Fine;mainform;Error thread started...;-;
2018/06/20;23:15:56:0239;Fine;mainform;Output thread started...;-;
2018/06/20;23:17:33:0415;Info;server;The server has stopped... Cleaning up...;-;
2018/06/20;23:17:33:0416;Info;mainform;The server has stopped. Updating UI;-;
2018/06/20;23:17:33:0461;Info;mainform;The server has stopped. Updated UI;-;
2018/06/20;23:17:33:0462;Info;server;The server has stopped... Cleanup finished;-;
2018/06/20;23:17:33:0462;Info;mainform;thd_read_output exited;-;
2018/06/20;23:17:33:0509;Info;mainform;thd_read_error exited;-;
